<?xml version="1.0" encoding="UTF-8"?>
<testsuite name="Matrix" tests="4" skipped="0" failures="0" errors="0" timestamp="2022-01-07T20:43:46" hostname="DESKTOP-DHCSIEB" time="0.642">
  <properties/>
  <testcase name="Determinant" classname="Matrix" time="0.617"/>
  <testcase name="Transpose" classname="Matrix" time="0.007"/>
  <testcase name="Inverse" classname="Matrix" time="0.008"/>
  <testcase name="Cofactor" classname="Matrix" time="0.009"/>
  <system-out><![CDATA[]]></system-out>
  <system-err><![CDATA[]]></system-err>
</testsuite>
